<?xml version="1.0" encoding="UTF-8"?>
<testsuite xmlns:xsi="http://www.w3.org/2001/XMLSchema-instance" xsi:noNamespaceSchemaLocation="https://maven.apache.org/surefire/maven-surefire-plugin/xsd/surefire-test-report-3.0.xsd" version="3.0" name="com.harshith.movies.MoviesApplicationTests" time="3.321" tests="1" errors="0" skipped="0" failures="0">
  <properties>
[...]
</properties>
  <testcase name="contextLoads" classname="com.harshith.movies.MoviesApplicationTests" time="0.724">
    <system-out><![CDATA[13:11:34.980 [main] INFO org.springframework.test.context.support.AnnotationConfigContextLoaderUtils -- Could not detect default configuration classes for test class [com.harshith.movies.MoviesApplicationTests]: MoviesApplicationTests does not declare any static, non-private, non-final, nested classes annotated with @Configuration.
13:11:35.115 [main] INFO org.springframework.boot.test.context.SpringBootTestContextBootstrapper -- Found @SpringBootConfiguration com.harshith.movies.MoviesApplication for test class com.harshith.movies.MoviesApplicationTests
13:11:35.273 [main] INFO org.springframework.boot.devtools.restart.RestartApplicationListener -- Restart disabled due to context in which it is running
  .   ____          _            __ _ _
 /\\ / ___'_ __ _ _(_)_ __  __ _ \ \ \ \
( ( )\___ | '_ | '_| | '_ \/ _` | \ \ \ \
 \\/  ___)| |_)| | | | | || (_| |  ) ) ) )
  '  |____| .__|_| |_|_| |_\__, | / / / /
 =========|_|==============|___/=/_/_/_/

 :: Spring Boot ::                (v3.3.0)

2024-06-10T13:11:35.475+05:30  INFO 27024 --- [movies] [           main] m.p.springdotenv.DotenvPropertySource    : Initializing Dotenv with DotenvConfig{directory=null, filename=null, ignoreIfMalformed=false, ignoreIfMissing=true, systemProperties=false, prefix=null}
2024-06-10T13:11:35.486+05:30  INFO 27024 --- [movies] [           main] c.h.movies.MoviesApplicationTests        : Starting MoviesApplicationTests using Java 18.0.1 with PID 27024 (started by harsh in D:\Web Dev\Java backend\movies)
2024-06-10T13:11:35.488+05:30  INFO 27024 --- [movies] [           main] c.h.movies.MoviesApplicationTests        : No active profile set, falling back to 1 default profile: "default"
2024-06-10T13:11:36.022+05:30  INFO 27024 --- [movies] [           main] .s.d.r.c.RepositoryConfigurationDelegate : Bootstrapping Spring Data MongoDB repositories in DEFAULT mode.
2024-06-10T13:11:36.072+05:30  INFO 27024 --- [movies] [           main] .s.d.r.c.RepositoryConfigurationDelegate : Finished Spring Data repository scanning in 45 ms. Found 2 MongoDB repository interfaces.
2024-06-10T13:11:36.548+05:30  INFO 27024 --- [movies] [           main] org.mongodb.driver.client                : MongoClient with metadata {"driver": {"name": "mongo-java-driver|sync|spring-boot", "version": "5.0.1"}, "os": {"type": "Windows", "name": "Windows 11", "architecture": "amd64", "version": "10.0"}, "platform": "Java/Oracle Corporation/18.0.1+10-24"} created with settings MongoClientSettings{readPreference=primary, writeConcern=WriteConcern{w=null, wTimeout=null ms, journal=null}, retryWrites=true, retryReads=true, readConcern=ReadConcern{level=null}, credential=MongoCredential{mechanism=null, userName='harshithteja', source='admin', password=<hidden>, mechanismProperties=<hidden>}, transportSettings=null, commandListeners=[], codecRegistry=ProvidersCodecRegistry{codecProviders=[ValueCodecProvider{}, BsonValueCodecProvider{}, DBRefCodecProvider{}, DBObjectCodecProvider{}, DocumentCodecProvider{}, CollectionCodecProvider{}, IterableCodecProvider{}, MapCodecProvider{}, GeoJsonCodecProvider{}, GridFSFileCodecProvider{}, Jsr310CodecProvider{}, JsonObjectCodecProvider{}, BsonCodecProvider{}, EnumCodecProvider{}, com.mongodb.client.model.mql.ExpressionCodecProvider@467233e4, com.mongodb.Jep395RecordCodecProvider@427a12b6, com.mongodb.KotlinCodecProvider@6025d790]}, loggerSettings=LoggerSettings{maxDocumentLength=1000}, clusterSettings={hosts=[127.0.0.1:27017], srvHost=cluster0.i9cxsns.mongodb.net, srvServiceName=mongodb, mode=MULTIPLE, requiredClusterType=REPLICA_SET, requiredReplicaSetName='atlas-1oo7ig-shard-0', serverSelector='null', clusterListeners='[]', serverSelectionTimeout='30000 ms', localThreshold='15 ms'}, socketSettings=SocketSettings{connectTimeoutMS=10000, readTimeoutMS=0, receiveBufferSize=0, proxySettings=ProxySettings{host=null, port=null, username=null, password=null}}, heartbeatSocketSettings=SocketSettings{connectTimeoutMS=10000, readTimeoutMS=10000, receiveBufferSize=0, proxySettings=ProxySettings{host=null, port=null, username=null, password=null}}, connectionPoolSettings=ConnectionPoolSettings{maxSize=100, minSize=0, maxWaitTimeMS=120000, maxConnectionLifeTimeMS=0, maxConnectionIdleTimeMS=0, maintenanceInitialDelayMS=0, maintenanceFrequencyMS=60000, connectionPoolListeners=[], maxConnecting=2}, serverSettings=ServerSettings{heartbeatFrequencyMS=10000, minHeartbeatFrequencyMS=500, serverListeners='[]', serverMonitorListeners='[]'}, sslSettings=SslSettings{enabled=true, invalidHostNameAllowed=false, context=null}, applicationName='null', compressorList=[], uuidRepresentation=JAVA_LEGACY, serverApi=null, autoEncryptionSettings=null, dnsClient=null, inetAddressResolver=null, contextProvider=null}
2024-06-10T13:11:36.677+05:30  INFO 27024 --- [movies] [sns.mongodb.net] org.mongodb.driver.cluster               : Adding discovered server ac-f2sviha-shard-00-00.i9cxsns.mongodb.net:27017 to client view of cluster
2024-06-10T13:11:36.711+05:30  INFO 27024 --- [movies] [sns.mongodb.net] org.mongodb.driver.cluster               : Adding discovered server ac-f2sviha-shard-00-01.i9cxsns.mongodb.net:27017 to client view of cluster
2024-06-10T13:11:36.714+05:30  INFO 27024 --- [movies] [sns.mongodb.net] org.mongodb.driver.cluster               : Adding discovered server ac-f2sviha-shard-00-02.i9cxsns.mongodb.net:27017 to client view of cluster
2024-06-10T13:11:37.236+05:30  INFO 27024 --- [movies] [ngodb.net:27017] org.mongodb.driver.cluster               : Monitor thread successfully connected to server with description ServerDescription{address=ac-f2sviha-shard-00-01.i9cxsns.mongodb.net:27017, type=REPLICA_SET_SECONDARY, state=CONNECTED, ok=true, minWireVersion=0, maxWireVersion=21, maxDocumentSize=16777216, logicalSessionTimeoutMinutes=30, roundTripTimeNanos=271958000, setName='atlas-1oo7ig-shard-0', canonicalAddress=ac-f2sviha-shard-00-01.i9cxsns.mongodb.net:27017, hosts=[ac-f2sviha-shard-00-00.i9cxsns.mongodb.net:27017, ac-f2sviha-shard-00-02.i9cxsns.mongodb.net:27017, ac-f2sviha-shard-00-01.i9cxsns.mongodb.net:27017], passives=[], arbiters=[], primary='ac-f2sviha-shard-00-02.i9cxsns.mongodb.net:27017', tagSet=TagSet{[Tag{name='availabilityZone', value='aps1-az3'}, Tag{name='diskState', value='READY'}, Tag{name='nodeType', value='ELECTABLE'}, Tag{name='provider', value='AWS'}, Tag{name='region', value='AP_SOUTH_1'}, Tag{name='workloadType', value='OPERATIONAL'}]}, electionId=null, setVersion=77, topologyVersion=TopologyVersion{processId=66662a6231dab60cb5451c6b, counter=3}, lastWriteDate=Mon Jun 10 13:11:37 IST 2024, lastUpdateTimeNanos=1284485559474100}
2024-06-10T13:11:37.236+05:30  INFO 27024 --- [movies] [ngodb.net:27017] org.mongodb.driver.cluster               : Monitor thread successfully connected to server with description ServerDescription{address=ac-f2sviha-shard-00-00.i9cxsns.mongodb.net:27017, type=REPLICA_SET_SECONDARY, state=CONNECTED, ok=true, minWireVersion=0, maxWireVersion=21, maxDocumentSize=16777216, logicalSessionTimeoutMinutes=30, roundTripTimeNanos=275304300, setName='atlas-1oo7ig-shard-0', canonicalAddress=ac-f2sviha-shard-00-00.i9cxsns.mongodb.net:27017, hosts=[ac-f2sviha-shard-00-00.i9cxsns.mongodb.net:27017, ac-f2sviha-shard-00-02.i9cxsns.mongodb.net:27017, ac-f2sviha-shard-00-01.i9cxsns.mongodb.net:27017], passives=[], arbiters=[], primary='ac-f2sviha-shard-00-02.i9cxsns.mongodb.net:27017', tagSet=TagSet{[Tag{name='availabilityZone', value='aps1-az1'}, Tag{name='diskState', value='READY'}, Tag{name='nodeType', value='ELECTABLE'}, Tag{name='provider', value='AWS'}, Tag{name='region', value='AP_SOUTH_1'}, Tag{name='workloadType', value='OPERATIONAL'}]}, electionId=null, setVersion=77, topologyVersion=TopologyVersion{processId=666629498f10dde663d6780c, counter=4}, lastWriteDate=Mon Jun 10 13:11:37 IST 2024, lastUpdateTimeNanos=1284485559474100}
2024-06-10T13:11:37.237+05:30  INFO 27024 --- [movies] [ngodb.net:27017] org.mongodb.driver.cluster               : Monitor thread successfully connected to server with description ServerDescription{address=ac-f2sviha-shard-00-02.i9cxsns.mongodb.net:27017, type=REPLICA_SET_PRIMARY, state=CONNECTED, ok=true, minWireVersion=0, maxWireVersion=21, maxDocumentSize=16777216, logicalSessionTimeoutMinutes=30, roundTripTimeNanos=272169000, setName='atlas-1oo7ig-shard-0', canonicalAddress=ac-f2sviha-shard-00-02.i9cxsns.mongodb.net:27017, hosts=[ac-f2sviha-shard-00-00.i9cxsns.mongodb.net:27017, ac-f2sviha-shard-00-02.i9cxsns.mongodb.net:27017, ac-f2sviha-shard-00-01.i9cxsns.mongodb.net:27017], passives=[], arbiters=[], primary='ac-f2sviha-shard-00-02.i9cxsns.mongodb.net:27017', tagSet=TagSet{[Tag{name='availabilityZone', value='aps1-az2'}, Tag{name='diskState', value='READY'}, Tag{name='nodeType', value='ELECTABLE'}, Tag{name='provider', value='AWS'}, Tag{name='region', value='AP_SOUTH_1'}, Tag{name='workloadType', value='OPERATIONAL'}]}, electionId=7fffffff0000000000000054, setVersion=77, topologyVersion=TopologyVersion{processId=66662832567fc692d96dfc43, counter=6}, lastWriteDate=Mon Jun 10 13:11:37 IST 2024, lastUpdateTimeNanos=1284485559681300}
2024-06-10T13:11:37.240+05:30  INFO 27024 --- [movies] [ngodb.net:27017] org.mongodb.driver.cluster               : Discovered replica set primary ac-f2sviha-shard-00-02.i9cxsns.mongodb.net:27017 with max election id 7fffffff0000000000000054 and max set version 77
2024-06-10T13:11:37.416+05:30  INFO 27024 --- [movies] [           main] c.h.movies.MoviesApplicationTests        : Started MoviesApplicationTests in 2.153 seconds (process running for 3.014)
]]></system-out>
  </testcase>
</testsuite>